<?xml version="1.0" encoding="UTF-8"?>
<testsuite name="redis.demo.PubSub.RedisSubscriberTest" tests="1" skipped="0" failures="0" errors="0" timestamp="2025-09-28T12:40:12.521Z" hostname="TAKC" time="0.014">
  <properties/>
  <testcase name="testOnMessage()" classname="redis.demo.PubSub.RedisSubscriberTest" time="0.014"/>
  <system-out><![CDATA[message = Hello, Redis!
]]></system-out>
  <system-err><![CDATA[]]></system-err>
</testsuite>
